[26.03.2014 12:04:09] Java Runtime Environment найден по пути "C:\Program Files (x86)\Java\jre7"
[26.03.2014 12:04:09] Добавляем сертификат "C:\Users\Renard\AppData\Local\Temp\ROMResigner\Tools\media.x509.pem"
[26.03.2014 12:04:09] Запускаем "C:\Program Files (x86)\Java\jre7\bin\keytool.exe" с аргументами "-printcert -v -file "C:\Users\Renard\AppData\Local\Temp\ROMResigner\Tools\media.x509.pem""
[26.03.2014 12:04:09] Найден pk8 "C:\Users\Renard\AppData\Local\Temp\ROMResigner\Tools\media.pk8". Добавляем как пригодный для подписи
[26.03.2014 12:04:09] Добавляем сертификат "C:\Users\Renard\AppData\Local\Temp\ROMResigner\Tools\platform.x509.pem"
[26.03.2014 12:04:09] Запускаем "C:\Program Files (x86)\Java\jre7\bin\keytool.exe" с аргументами "-printcert -v -file "C:\Users\Renard\AppData\Local\Temp\ROMResigner\Tools\platform.x509.pem""
[26.03.2014 12:04:09] Найден pk8 "C:\Users\Renard\AppData\Local\Temp\ROMResigner\Tools\platform.pk8". Добавляем как пригодный для подписи
[26.03.2014 12:04:09] Добавляем сертификат "C:\Users\Renard\AppData\Local\Temp\ROMResigner\Tools\shared.x509.pem"
[26.03.2014 12:04:09] Запускаем "C:\Program Files (x86)\Java\jre7\bin\keytool.exe" с аргументами "-printcert -v -file "C:\Users\Renard\AppData\Local\Temp\ROMResigner\Tools\shared.x509.pem""
[26.03.2014 12:04:09] Найден pk8 "C:\Users\Renard\AppData\Local\Temp\ROMResigner\Tools\shared.pk8". Добавляем как пригодный для подписи
[26.03.2014 12:04:09] Добавляем сертификат "C:\Users\Renard\AppData\Local\Temp\ROMResigner\Tools\testkey.x509.pem"
[26.03.2014 12:04:09] Запускаем "C:\Program Files (x86)\Java\jre7\bin\keytool.exe" с аргументами "-printcert -v -file "C:\Users\Renard\AppData\Local\Temp\ROMResigner\Tools\testkey.x509.pem""
[26.03.2014 12:04:09] Найден pk8 "C:\Users\Renard\AppData\Local\Temp\ROMResigner\Tools\testkey.pk8". Добавляем как пригодный для подписи
[26.03.2014 12:04:15] Были дропнуты файлы "{0}"
[26.03.2014 12:04:22] Были дропнуты файлы "{0}"
[26.03.2014 12:04:22] Интерфейс заблокирован
[26.03.2014 12:04:22] Вызвана процедура чтения файлов из массива файлов
[26.03.2014 12:04:22] Читаем файл "C:\Users\Renard\Desktop\system\app\DeskClock.apk"...
[26.03.2014 12:04:22] Найден файл подписи, извлекаем его в "C:\Users\Renard\AppData\Local\Temp\ROMResigner\DeskClock.apk_CERT.RSA"...
[26.03.2014 12:04:22] Запускаем "C:\Program Files (x86)\Java\jre7\bin\keytool.exe" с аргументами "-printcert -v -file "C:\Users\Renard\AppData\Local\Temp\ROMResigner\DeskClock.apk_CERT.RSA""
[26.03.2014 12:04:22] Читаем файл "C:\Users\Renard\Desktop\system\app\DownloadProvider.apk"...
[26.03.2014 12:04:22] Найден файл подписи, извлекаем его в "C:\Users\Renard\AppData\Local\Temp\ROMResigner\DownloadProvider.apk_CERT.RSA"...
[26.03.2014 12:04:22] Запускаем "C:\Program Files (x86)\Java\jre7\bin\keytool.exe" с аргументами "-printcert -v -file "C:\Users\Renard\AppData\Local\Temp\ROMResigner\DownloadProvider.apk_CERT.RSA""
[26.03.2014 12:04:22] Читаем файл "C:\Users\Renard\Desktop\system\app\DownloadProviderUi.apk"...
[26.03.2014 12:04:22] Найден файл подписи, извлекаем его в "C:\Users\Renard\AppData\Local\Temp\ROMResigner\DownloadProviderUi.apk_CERT.RSA"...
[26.03.2014 12:04:22] Запускаем "C:\Program Files (x86)\Java\jre7\bin\keytool.exe" с аргументами "-printcert -v -file "C:\Users\Renard\AppData\Local\Temp\ROMResigner\DownloadProviderUi.apk_CERT.RSA""
[26.03.2014 12:04:22] Читаем файл "C:\Users\Renard\Desktop\system\app\ApplicationGuide.apk"...
[26.03.2014 12:04:22] Найден файл подписи, извлекаем его в "C:\Users\Renard\AppData\Local\Temp\ROMResigner\ApplicationGuide.apk_CERT.RSA"...
[26.03.2014 12:04:22] Запускаем "C:\Program Files (x86)\Java\jre7\bin\keytool.exe" с аргументами "-printcert -v -file "C:\Users\Renard\AppData\Local\Temp\ROMResigner\ApplicationGuide.apk_CERT.RSA""
[26.03.2014 12:04:22] Читаем файл "C:\Users\Renard\Desktop\system\app\ApplicationsProvider.apk"...
[26.03.2014 12:04:22] Найден файл подписи, извлекаем его в "C:\Users\Renard\AppData\Local\Temp\ROMResigner\ApplicationsProvider.apk_CERT.RSA"...
[26.03.2014 12:04:22] Запускаем "C:\Program Files (x86)\Java\jre7\bin\keytool.exe" с аргументами "-printcert -v -file "C:\Users\Renard\AppData\Local\Temp\ROMResigner\ApplicationsProvider.apk_CERT.RSA""
[26.03.2014 12:04:22] Читаем файл "C:\Users\Renard\Desktop\system\app\BackupRestoreConfirmation.apk"...
[26.03.2014 12:04:22] Найден файл подписи, извлекаем его в "C:\Users\Renard\AppData\Local\Temp\ROMResigner\BackupRestoreConfirmation.apk_CERT.RSA"...
[26.03.2014 12:04:22] Запускаем "C:\Program Files (x86)\Java\jre7\bin\keytool.exe" с аргументами "-printcert -v -file "C:\Users\Renard\AppData\Local\Temp\ROMResigner\BackupRestoreConfirmation.apk_CERT.RSA""
[26.03.2014 12:04:22] Читаем файл "C:\Users\Renard\Desktop\system\app\BasicDreams.apk"...
[26.03.2014 12:04:22] Найден файл подписи, извлекаем его в "C:\Users\Renard\AppData\Local\Temp\ROMResigner\BasicDreams.apk_CERT.RSA"...
[26.03.2014 12:04:22] Запускаем "C:\Program Files (x86)\Java\jre7\bin\keytool.exe" с аргументами "-printcert -v -file "C:\Users\Renard\AppData\Local\Temp\ROMResigner\BasicDreams.apk_CERT.RSA""
[26.03.2014 12:04:22] Читаем файл "C:\Users\Renard\Desktop\system\app\BatteryWarning.apk"...
[26.03.2014 12:04:22] Найден файл подписи, извлекаем его в "C:\Users\Renard\AppData\Local\Temp\ROMResigner\BatteryWarning.apk_CERT.RSA"...
[26.03.2014 12:04:22] Запускаем "C:\Program Files (x86)\Java\jre7\bin\keytool.exe" с аргументами "-printcert -v -file "C:\Users\Renard\AppData\Local\Temp\ROMResigner\BatteryWarning.apk_CERT.RSA""
[26.03.2014 12:04:22] Читаем файл "C:\Users\Renard\Desktop\system\app\Browser.apk"...
[26.03.2014 12:04:22] Найден файл подписи, извлекаем его в "C:\Users\Renard\AppData\Local\Temp\ROMResigner\Browser.apk_CERT.RSA"...
[26.03.2014 12:04:22] Запускаем "C:\Program Files (x86)\Java\jre7\bin\keytool.exe" с аргументами "-printcert -v -file "C:\Users\Renard\AppData\Local\Temp\ROMResigner\Browser.apk_CERT.RSA""
[26.03.2014 12:04:23] Читаем файл "C:\Users\Renard\Desktop\system\app\Calculator.apk"...
[26.03.2014 12:04:23] Найден файл подписи, извлекаем его в "C:\Users\Renard\AppData\Local\Temp\ROMResigner\Calculator.apk_CERT.RSA"...
[26.03.2014 12:04:23] Запускаем "C:\Program Files (x86)\Java\jre7\bin\keytool.exe" с аргументами "-printcert -v -file "C:\Users\Renard\AppData\Local\Temp\ROMResigner\Calculator.apk_CERT.RSA""
[26.03.2014 12:04:23] Читаем файл "C:\Users\Renard\Desktop\system\app\Calendar.apk"...
[26.03.2014 12:04:23] Найден файл подписи, извлекаем его в "C:\Users\Renard\AppData\Local\Temp\ROMResigner\Calendar.apk_CERT.RSA"...
[26.03.2014 12:04:23] Запускаем "C:\Program Files (x86)\Java\jre7\bin\keytool.exe" с аргументами "-printcert -v -file "C:\Users\Renard\AppData\Local\Temp\ROMResigner\Calendar.apk_CERT.RSA""
[26.03.2014 12:04:23] Читаем файл "C:\Users\Renard\Desktop\system\app\CalendarImporter.apk"...
[26.03.2014 12:04:23] Найден файл подписи, извлекаем его в "C:\Users\Renard\AppData\Local\Temp\ROMResigner\CalendarImporter.apk_CERT.RSA"...
[26.03.2014 12:04:23] Запускаем "C:\Program Files (x86)\Java\jre7\bin\keytool.exe" с аргументами "-printcert -v -file "C:\Users\Renard\AppData\Local\Temp\ROMResigner\CalendarImporter.apk_CERT.RSA""
[26.03.2014 12:04:23] Читаем файл "C:\Users\Renard\Desktop\system\app\CalendarProvider.apk"...
[26.03.2014 12:04:23] Найден файл подписи, извлекаем его в "C:\Users\Renard\AppData\Local\Temp\ROMResigner\CalendarProvider.apk_CERT.RSA"...
[26.03.2014 12:04:23] Запускаем "C:\Program Files (x86)\Java\jre7\bin\keytool.exe" с аргументами "-printcert -v -file "C:\Users\Renard\AppData\Local\Temp\ROMResigner\CalendarProvider.apk_CERT.RSA""
[26.03.2014 12:04:23] Читаем файл "C:\Users\Renard\Desktop\system\app\CDS_INFO.apk"...
[26.03.2014 12:04:23] Найден файл подписи, извлекаем его в "C:\Users\Renard\AppData\Local\Temp\ROMResigner\CDS_INFO.apk_CERT.RSA"...
[26.03.2014 12:04:23] Запускаем "C:\Program Files (x86)\Java\jre7\bin\keytool.exe" с аргументами "-printcert -v -file "C:\Users\Renard\AppData\Local\Temp\ROMResigner\CDS_INFO.apk_CERT.RSA""
[26.03.2014 12:04:23] Читаем файл "C:\Users\Renard\Desktop\system\app\CellConnService.apk"...
[26.03.2014 12:04:23] Найден файл подписи, извлекаем его в "C:\Users\Renard\AppData\Local\Temp\ROMResigner\CellConnService.apk_CERT.RSA"...
[26.03.2014 12:04:23] Запускаем "C:\Program Files (x86)\Java\jre7\bin\keytool.exe" с аргументами "-printcert -v -file "C:\Users\Renard\AppData\Local\Temp\ROMResigner\CellConnService.apk_CERT.RSA""
[26.03.2014 12:04:23] Читаем файл "C:\Users\Renard\Desktop\system\app\CertInstaller.apk"...
[26.03.2014 12:04:23] Найден файл подписи, извлекаем его в "C:\Users\Renard\AppData\Local\Temp\ROMResigner\CertInstaller.apk_CERT.RSA"...
[26.03.2014 12:04:23] Запускаем "C:\Program Files (x86)\Java\jre7\bin\keytool.exe" с аргументами "-printcert -v -file "C:\Users\Renard\AppData\Local\Temp\ROMResigner\CertInstaller.apk_CERT.RSA""
[26.03.2014 12:04:23] Читаем файл "C:\Users\Renard\Desktop\system\app\Contacts.apk"...
[26.03.2014 12:04:23] Найден файл подписи, извлекаем его в "C:\Users\Renard\AppData\Local\Temp\ROMResigner\Contacts.apk_CERT.RSA"...
[26.03.2014 12:04:23] Запускаем "C:\Program Files (x86)\Java\jre7\bin\keytool.exe" с аргументами "-printcert -v -file "C:\Users\Renard\AppData\Local\Temp\ROMResigner\Contacts.apk_CERT.RSA""
[26.03.2014 12:04:23] Читаем файл "C:\Users\Renard\Desktop\system\app\ContactsProvider.apk"...
[26.03.2014 12:04:23] Найден файл подписи, извлекаем его в "C:\Users\Renard\AppData\Local\Temp\ROMResigner\ContactsProvider.apk_CERT.RSA"...
[26.03.2014 12:04:23] Запускаем "C:\Program Files (x86)\Java\jre7\bin\keytool.exe" с аргументами "-printcert -v -file "C:\Users\Renard\AppData\Local\Temp\ROMResigner\ContactsProvider.apk_CERT.RSA""
[26.03.2014 12:04:24] Читаем файл "C:\Users\Renard\Desktop\system\app\DefaultContainerService.apk"...
[26.03.2014 12:04:24] Найден файл подписи, извлекаем его в "C:\Users\Renard\AppData\Local\Temp\ROMResigner\DefaultContainerService.apk_CERT.RSA"...
[26.03.2014 12:04:24] Запускаем "C:\Program Files (x86)\Java\jre7\bin\keytool.exe" с аргументами "-printcert -v -file "C:\Users\Renard\AppData\Local\Temp\ROMResigner\DefaultContainerService.apk_CERT.RSA""
[26.03.2014 12:04:24] Интерфейс разброкирован
[26.03.2014 12:04:40] Очищаем все списки...
